<?xml version="1.0" encoding="UTF-8"?>
<testsuite xmlns:xsi="http://www.w3.org/2001/XMLSchema-instance" xsi:noNamespaceSchemaLocation="https://maven.apache.org/surefire/maven-surefire-plugin/xsd/surefire-test-report.xsd" version="3.0.2" name="com.epam.runners.UiRunner" time="30.394" tests="9" errors="0" skipped="0" failures="0">
  <properties>
[...]
</properties>
  <testcase name="runScenario[&quot;&quot;, &quot;Jhipster Home App actions after Logging in&quot;](1)" classname="com.epam.runners.UiRunner" time="4.767">
    <system-out><![CDATA[ERROR StatusConsoleListener File contains an invalid element or attribute "JsonTemplateLayout"

Scenario:                                                                   &amp#27;[90m# src/test/resources/features/ui/LoggedInPage.feature:9&amp#27;[0m
  &amp#27;[32mGiven &amp#27;[0m&amp#27;[32mUser is on HomePage and presses sign in&amp#27;[0m                             &amp#27;[90m# com.epam.ui.stepdefinitions.LoggedInHomePageTests.userIsOnHomePageAndPressesSignIn()&amp#27;[0m
  &amp#27;[32mAnd &amp#27;[0m&amp#27;[32mUser enters valid username , valid password and rememberMe:&amp#27;[0m           &amp#27;[90m# com.epam.ui.stepdefinitions.LoggedInHomePageTests.userEntersValidUsernameValidPasswordAndRememberMe(io.cucumber.datatable.DataTable)&amp#27;[0m
    | username   | admin |
    | password   | admin |
    | rememberMe | true  |
  &amp#27;[32mAnd &amp#27;[0m&amp#27;[32mUser is now Logged in to the page with Title &amp#27;[0m&amp#27;[32m&amp#27;[1m"Welcome, Java Hipster!"&amp#27;[0m &amp#27;[90m# com.epam.ui.stepdefinitions.LoggedInHomePageTests.userIsNowLoggedInToThePageWithTitle(java.lang.String)&amp#27;[0m
  &amp#27;[32mWhen &amp#27;[0m&amp#27;[32mUser navigates to Bank Account Page&amp#27;[0m                                  &amp#27;[90m# com.epam.ui.stepdefinitions.LoggedInHomePageTests.userNavigatesToBankAccountPage()&amp#27;[0m
  &amp#27;[32mThen &amp#27;[0m&amp#27;[32mUser gets Page Title as &amp#27;[0m&amp#27;[32m&amp#27;[1m"JhipsterSampleApplication"&amp#27;[0m                  &amp#27;[90m# com.epam.ui.stepdefinitions.LoggedInHomePageTests.userGetsPageTitleAs(java.lang.String)&amp#27;[0m
]]></system-out>
    <system-err><![CDATA[Apr 07, 2025 1:19:12 PM org.openqa.selenium.devtools.CdpVersionFinder findNearestMatch
WARNING: Unable to find CDP implementation matching 135
Apr 07, 2025 1:19:12 PM org.openqa.selenium.chromium.ChromiumDriver lambda$new$5
WARNING: Unable to find version of CDP to use for 135.0.7049.42. You may need to include a dependency on a specific version of the CDP using something similar to `org.seleniumhq.selenium:selenium-devtools-v86:4.25.0` where the version ("v86") matches the version of the chromium-based browser you're using and the version number of the artifact is the same as Selenium's.
]]></system-err>
  </testcase>
  <testcase name="runScenario[&quot;Successful Login with Valid Credentials&quot;, &quot;Login Action&quot;](2)" classname="com.epam.runners.UiRunner" time="2.462">
    <system-out><![CDATA[
Scenario Template: Successful Login with Valid Credentials                              &amp#27;[90m# src/test/resources/features/ui/Login.feature:8&amp#27;[0m
  &amp#27;[32mGiven &amp#27;[0m&amp#27;[32mUser with valid Credentials navigates to Login Page&amp#27;[0m                             &amp#27;[90m# com.epam.ui.stepdefinitions.ValidCredentialsLoginTest.userNavigatesToLoginPage()&amp#27;[0m
  &amp#27;[32mWhen &amp#27;[0m&amp#27;[32mUser enters valid Username &amp#27;[0m&amp#27;[32m&amp#27;[1m"admin"&amp#27;[0m&amp#27;[32m, valid Password &amp#27;[0m&amp#27;[32m&amp#27;[1m"admin"&amp#27;[0m&amp#27;[32m and RememberMe &amp#27;[0m&amp#27;[32m&amp#27;[1m"true"&amp#27;[0m &amp#27;[90m# com.epam.ui.stepdefinitions.ValidCredentialsLoginTest.userEntersUsernamePasswordAndRememberMe(java.lang.String,java.lang.String,java.lang.String)&amp#27;[0m
  &amp#27;[32mThen &amp#27;[0m&amp#27;[32mPage Title After Successfully Login In will be &amp#27;[0m&amp#27;[32m&amp#27;[1m"Welcome, Java Hipster!"&amp#27;[0m          &amp#27;[90m# com.epam.ui.stepdefinitions.ValidCredentialsLoginTest.pageTitleAfterSuccessfullyLoginInWillBe(java.lang.String)&amp#27;[0m
]]></system-out>
    <system-err><![CDATA[Apr 07, 2025 1:19:16 PM org.openqa.selenium.devtools.CdpVersionFinder findNearestMatch
WARNING: Unable to find CDP implementation matching 135
Apr 07, 2025 1:19:16 PM org.openqa.selenium.chromium.ChromiumDriver lambda$new$5
WARNING: Unable to find version of CDP to use for 135.0.7049.42. You may need to include a dependency on a specific version of the CDP using something similar to `org.seleniumhq.selenium:selenium-devtools-v86:4.25.0` where the version ("v86") matches the version of the chromium-based browser you're using and the version number of the artifact is the same as Selenium's.
]]></system-err>
  </testcase>
  <testcase name="runScenario[&quot;Successful Login with Valid Credentials&quot;, &quot;Login Action&quot;](3)" classname="com.epam.runners.UiRunner" time="3.88">
    <system-out><![CDATA[
Scenario Template: Successful Login with Valid Credentials                            &amp#27;[90m# src/test/resources/features/ui/Login.feature:9&amp#27;[0m
  &amp#27;[32mGiven &amp#27;[0m&amp#27;[32mUser with valid Credentials navigates to Login Page&amp#27;[0m                           &amp#27;[90m# com.epam.ui.stepdefinitions.ValidCredentialsLoginTest.userNavigatesToLoginPage()&amp#27;[0m
  &amp#27;[32mWhen &amp#27;[0m&amp#27;[32mUser enters valid Username &amp#27;[0m&amp#27;[32m&amp#27;[1m"user"&amp#27;[0m&amp#27;[32m, valid Password &amp#27;[0m&amp#27;[32m&amp#27;[1m"user"&amp#27;[0m&amp#27;[32m and RememberMe &amp#27;[0m&amp#27;[32m&amp#27;[1m"true"&amp#27;[0m &amp#27;[90m# com.epam.ui.stepdefinitions.ValidCredentialsLoginTest.userEntersUsernamePasswordAndRememberMe(java.lang.String,java.lang.String,java.lang.String)&amp#27;[0m
  &amp#27;[32mThen &amp#27;[0m&amp#27;[32mPage Title After Successfully Login In will be &amp#27;[0m&amp#27;[32m&amp#27;[1m"Welcome, Java Hipster!"&amp#27;[0m        &amp#27;[90m# com.epam.ui.stepdefinitions.ValidCredentialsLoginTest.pageTitleAfterSuccessfullyLoginInWillBe(java.lang.String)&amp#27;[0m
]]></system-out>
    <system-err><![CDATA[Apr 07, 2025 1:19:19 PM org.openqa.selenium.devtools.CdpVersionFinder findNearestMatch
WARNING: Unable to find CDP implementation matching 135
Apr 07, 2025 1:19:19 PM org.openqa.selenium.chromium.ChromiumDriver lambda$new$5
WARNING: Unable to find version of CDP to use for 135.0.7049.42. You may need to include a dependency on a specific version of the CDP using something similar to `org.seleniumhq.selenium:selenium-devtools-v86:4.25.0` where the version ("v86") matches the version of the chromium-based browser you're using and the version number of the artifact is the same as Selenium's.
]]></system-err>
  </testcase>
  <testcase name="runScenario[&quot;Successful Login with Valid Credentials&quot;, &quot;Login Action&quot;](4)" classname="com.epam.runners.UiRunner" time="3.549">
    <system-out><![CDATA[
Scenario Template: Successful Login with Valid Credentials                               &amp#27;[90m# src/test/resources/features/ui/Login.feature:10&amp#27;[0m
  &amp#27;[32mGiven &amp#27;[0m&amp#27;[32mUser with valid Credentials navigates to Login Page&amp#27;[0m                              &amp#27;[90m# com.epam.ui.stepdefinitions.ValidCredentialsLoginTest.userNavigatesToLoginPage()&amp#27;[0m
  &amp#27;[32mWhen &amp#27;[0m&amp#27;[32mUser enters valid Username &amp#27;[0m&amp#27;[32m&amp#27;[1m"admin"&amp#27;[0m&amp#27;[32m, valid Password &amp#27;[0m&amp#27;[32m&amp#27;[1m"admin"&amp#27;[0m&amp#27;[32m and RememberMe &amp#27;[0m&amp#27;[32m&amp#27;[1m"false"&amp#27;[0m &amp#27;[90m# com.epam.ui.stepdefinitions.ValidCredentialsLoginTest.userEntersUsernamePasswordAndRememberMe(java.lang.String,java.lang.String,java.lang.String)&amp#27;[0m
  &amp#27;[32mThen &amp#27;[0m&amp#27;[32mPage Title After Successfully Login In will be &amp#27;[0m&amp#27;[32m&amp#27;[1m"Welcome, Java Hipster!"&amp#27;[0m           &amp#27;[90m# com.epam.ui.stepdefinitions.ValidCredentialsLoginTest.pageTitleAfterSuccessfullyLoginInWillBe(java.lang.String)&amp#27;[0m
]]></system-out>
    <system-err><![CDATA[Apr 07, 2025 1:19:23 PM org.openqa.selenium.devtools.CdpVersionFinder findNearestMatch
WARNING: Unable to find CDP implementation matching 135
Apr 07, 2025 1:19:23 PM org.openqa.selenium.chromium.ChromiumDriver lambda$new$5
WARNING: Unable to find version of CDP to use for 135.0.7049.42. You may need to include a dependency on a specific version of the CDP using something similar to `org.seleniumhq.selenium:selenium-devtools-v86:4.25.0` where the version ("v86") matches the version of the chromium-based browser you're using and the version number of the artifact is the same as Selenium's.
]]></system-err>
  </testcase>
  <testcase name="runScenario[&quot;Successful Login with Valid Credentials&quot;, &quot;Login Action&quot;](5)" classname="com.epam.runners.UiRunner" time="2.495">
    <system-out><![CDATA[
Scenario Template: Successful Login with Valid Credentials                             &amp#27;[90m# src/test/resources/features/ui/Login.feature:11&amp#27;[0m
  &amp#27;[32mGiven &amp#27;[0m&amp#27;[32mUser with valid Credentials navigates to Login Page&amp#27;[0m                            &amp#27;[90m# com.epam.ui.stepdefinitions.ValidCredentialsLoginTest.userNavigatesToLoginPage()&amp#27;[0m
  &amp#27;[32mWhen &amp#27;[0m&amp#27;[32mUser enters valid Username &amp#27;[0m&amp#27;[32m&amp#27;[1m"user"&amp#27;[0m&amp#27;[32m, valid Password &amp#27;[0m&amp#27;[32m&amp#27;[1m"user"&amp#27;[0m&amp#27;[32m and RememberMe &amp#27;[0m&amp#27;[32m&amp#27;[1m"false"&amp#27;[0m &amp#27;[90m# com.epam.ui.stepdefinitions.ValidCredentialsLoginTest.userEntersUsernamePasswordAndRememberMe(java.lang.String,java.lang.String,java.lang.String)&amp#27;[0m
  &amp#27;[32mThen &amp#27;[0m&amp#27;[32mPage Title After Successfully Login In will be &amp#27;[0m&amp#27;[32m&amp#27;[1m"Welcome, Java Hipster!"&amp#27;[0m         &amp#27;[90m# com.epam.ui.stepdefinitions.ValidCredentialsLoginTest.pageTitleAfterSuccessfullyLoginInWillBe(java.lang.String)&amp#27;[0m
]]></system-out>
    <system-err><![CDATA[Apr 07, 2025 1:19:26 PM org.openqa.selenium.devtools.CdpVersionFinder findNearestMatch
WARNING: Unable to find CDP implementation matching 135
Apr 07, 2025 1:19:26 PM org.openqa.selenium.chromium.ChromiumDriver lambda$new$5
WARNING: Unable to find version of CDP to use for 135.0.7049.42. You may need to include a dependency on a specific version of the CDP using something similar to `org.seleniumhq.selenium:selenium-devtools-v86:4.25.0` where the version ("v86") matches the version of the chromium-based browser you're using and the version number of the artifact is the same as Selenium's.
]]></system-err>
  </testcase>
  <testcase name="runScenario[&quot;Restrict Login to Invalid Credentials&quot;, &quot;Login Action&quot;](6)" classname="com.epam.runners.UiRunner" time="2.221">
    <system-out><![CDATA[
Scenario Template: Restrict Login to Invalid Credentials                                   &amp#27;[90m# src/test/resources/features/ui/Login.feature:19&amp#27;[0m
  &amp#27;[32mGiven &amp#27;[0m&amp#27;[32mUser with invalid Credentials navigates to Login Page&amp#27;[0m                              &amp#27;[90m# com.epam.ui.stepdefinitions.InvalidCredentialsTest.userNavigatesToLoginPage()&amp#27;[0m
  &amp#27;[32mWhen &amp#27;[0m&amp#27;[32mUser enters invalid Username &amp#27;[0m&amp#27;[32m&amp#27;[1m"admin"&amp#27;[0m&amp#27;[32m, invalid Password &amp#27;[0m&amp#27;[32m&amp#27;[1m"user"&amp#27;[0m&amp#27;[32m and RememberMe &amp#27;[0m&amp#27;[32m&amp#27;[1m"true"&amp#27;[0m &amp#27;[90m# com.epam.ui.stepdefinitions.InvalidCredentialsTest.userEntersInvalidUsernameInvalidPasswordAndRememberMe(java.lang.String,java.lang.String,java.lang.String)&amp#27;[0m
  &amp#27;[32mThen &amp#27;[0m&amp#27;[32mPage will display message &amp#27;[0m&amp#27;[32m&amp#27;[1m"Failed to sign in!"&amp#27;[0m                                      &amp#27;[90m# com.epam.ui.stepdefinitions.InvalidCredentialsTest.pageWillDisplayMessage(java.lang.String)&amp#27;[0m
]]></system-out>
    <system-err><![CDATA[Apr 07, 2025 1:19:29 PM org.openqa.selenium.devtools.CdpVersionFinder findNearestMatch
WARNING: Unable to find CDP implementation matching 135
Apr 07, 2025 1:19:29 PM org.openqa.selenium.chromium.ChromiumDriver lambda$new$5
WARNING: Unable to find version of CDP to use for 135.0.7049.42. You may need to include a dependency on a specific version of the CDP using something similar to `org.seleniumhq.selenium:selenium-devtools-v86:4.25.0` where the version ("v86") matches the version of the chromium-based browser you're using and the version number of the artifact is the same as Selenium's.
]]></system-err>
  </testcase>
  <testcase name="runScenario[&quot;Restrict Login to Invalid Credentials&quot;, &quot;Login Action&quot;](7)" classname="com.epam.runners.UiRunner" time="2.666">
    <system-out><![CDATA[
Scenario Template: Restrict Login to Invalid Credentials                                    &amp#27;[90m# src/test/resources/features/ui/Login.feature:20&amp#27;[0m
  &amp#27;[32mGiven &amp#27;[0m&amp#27;[32mUser with invalid Credentials navigates to Login Page&amp#27;[0m                               &amp#27;[90m# com.epam.ui.stepdefinitions.InvalidCredentialsTest.userNavigatesToLoginPage()&amp#27;[0m
  &amp#27;[32mWhen &amp#27;[0m&amp#27;[32mUser enters invalid Username &amp#27;[0m&amp#27;[32m&amp#27;[1m"user"&amp#27;[0m&amp#27;[32m, invalid Password &amp#27;[0m&amp#27;[32m&amp#27;[1m"admin"&amp#27;[0m&amp#27;[32m and RememberMe &amp#27;[0m&amp#27;[32m&amp#27;[1m"false"&amp#27;[0m &amp#27;[90m# com.epam.ui.stepdefinitions.InvalidCredentialsTest.userEntersInvalidUsernameInvalidPasswordAndRememberMe(java.lang.String,java.lang.String,java.lang.String)&amp#27;[0m
  &amp#27;[32mThen &amp#27;[0m&amp#27;[32mPage will display message &amp#27;[0m&amp#27;[32m&amp#27;[1m"Failed to sign in!"&amp#27;[0m                                       &amp#27;[90m# com.epam.ui.stepdefinitions.InvalidCredentialsTest.pageWillDisplayMessage(java.lang.String)&amp#27;[0m
]]></system-out>
    <system-err><![CDATA[Apr 07, 2025 1:19:31 PM org.openqa.selenium.devtools.CdpVersionFinder findNearestMatch
WARNING: Unable to find CDP implementation matching 135
Apr 07, 2025 1:19:31 PM org.openqa.selenium.chromium.ChromiumDriver lambda$new$5
WARNING: Unable to find version of CDP to use for 135.0.7049.42. You may need to include a dependency on a specific version of the CDP using something similar to `org.seleniumhq.selenium:selenium-devtools-v86:4.25.0` where the version ("v86") matches the version of the chromium-based browser you're using and the version number of the artifact is the same as Selenium's.
]]></system-err>
  </testcase>
  <testcase name="runScenario[&quot;Restrict Login to Invalid Credentials&quot;, &quot;Login Action&quot;](8)" classname="com.epam.runners.UiRunner" time="3.775">
    <system-out><![CDATA[
Scenario Template: Restrict Login to Invalid Credentials                                      &amp#27;[90m# src/test/resources/features/ui/Login.feature:21&amp#27;[0m
  &amp#27;[32mGiven &amp#27;[0m&amp#27;[32mUser with invalid Credentials navigates to Login Page&amp#27;[0m                                 &amp#27;[90m# com.epam.ui.stepdefinitions.InvalidCredentialsTest.userNavigatesToLoginPage()&amp#27;[0m
  &amp#27;[32mWhen &amp#27;[0m&amp#27;[32mUser enters invalid Username &amp#27;[0m&amp#27;[32m&amp#27;[1m"admi n"&amp#27;[0m&amp#27;[32m, invalid Password &amp#27;[0m&amp#27;[32m&amp#27;[1m"admin"&amp#27;[0m&amp#27;[32m and RememberMe &amp#27;[0m&amp#27;[32m&amp#27;[1m"false"&amp#27;[0m &amp#27;[90m# com.epam.ui.stepdefinitions.InvalidCredentialsTest.userEntersInvalidUsernameInvalidPasswordAndRememberMe(java.lang.String,java.lang.String,java.lang.String)&amp#27;[0m
  &amp#27;[32mThen &amp#27;[0m&amp#27;[32mPage will display message &amp#27;[0m&amp#27;[32m&amp#27;[1m"Failed to sign in!"&amp#27;[0m                                         &amp#27;[90m# com.epam.ui.stepdefinitions.InvalidCredentialsTest.pageWillDisplayMessage(java.lang.String)&amp#27;[0m
]]></system-out>
    <system-err><![CDATA[Apr 07, 2025 1:19:34 PM org.openqa.selenium.devtools.CdpVersionFinder findNearestMatch
WARNING: Unable to find CDP implementation matching 135
Apr 07, 2025 1:19:34 PM org.openqa.selenium.chromium.ChromiumDriver lambda$new$5
WARNING: Unable to find version of CDP to use for 135.0.7049.42. You may need to include a dependency on a specific version of the CDP using something similar to `org.seleniumhq.selenium:selenium-devtools-v86:4.25.0` where the version ("v86") matches the version of the chromium-based browser you're using and the version number of the artifact is the same as Selenium's.
]]></system-err>
  </testcase>
  <testcase name="runScenario[&quot;Restrict Login to Invalid Credentials&quot;, &quot;Login Action&quot;](9)" classname="com.epam.runners.UiRunner" time="3.209">
    <system-out><![CDATA[
Scenario Template: Restrict Login to Invalid Credentials                                   &amp#27;[90m# src/test/resources/features/ui/Login.feature:22&amp#27;[0m
  &amp#27;[32mGiven &amp#27;[0m&amp#27;[32mUser with invalid Credentials navigates to Login Page&amp#27;[0m                              &amp#27;[90m# com.epam.ui.stepdefinitions.InvalidCredentialsTest.userNavigatesToLoginPage()&amp#27;[0m
  &amp#27;[32mWhen &amp#27;[0m&amp#27;[32mUser enters invalid Username &amp#27;[0m&amp#27;[32m&amp#27;[1m"user"&amp#27;[0m&amp#27;[32m, invalid Password &amp#27;[0m&amp#27;[32m&amp#27;[1m"u ser"&amp#27;[0m&amp#27;[32m and RememberMe &amp#27;[0m&amp#27;[32m&amp#27;[1m"true"&amp#27;[0m &amp#27;[90m# com.epam.ui.stepdefinitions.InvalidCredentialsTest.userEntersInvalidUsernameInvalidPasswordAndRememberMe(java.lang.String,java.lang.String,java.lang.String)&amp#27;[0m
  &amp#27;[32mThen &amp#27;[0m&amp#27;[32mPage will display message &amp#27;[0m&amp#27;[32m&amp#27;[1m"Failed to sign in!"&amp#27;[0m                                      &amp#27;[90m# com.epam.ui.stepdefinitions.InvalidCredentialsTest.pageWillDisplayMessage(java.lang.String)&amp#27;[0m
]]></system-out>
    <system-err><![CDATA[Apr 07, 2025 1:19:37 PM org.openqa.selenium.devtools.CdpVersionFinder findNearestMatch
WARNING: Unable to find CDP implementation matching 135
Apr 07, 2025 1:19:37 PM org.openqa.selenium.chromium.ChromiumDriver lambda$new$5
WARNING: Unable to find version of CDP to use for 135.0.7049.42. You may need to include a dependency on a specific version of the CDP using something similar to `org.seleniumhq.selenium:selenium-devtools-v86:4.25.0` where the version ("v86") matches the version of the chromium-based browser you're using and the version number of the artifact is the same as Selenium's.
]]></system-err>
  </testcase>
</testsuite>